{"D:\\MagicTransporters\\src\\index.ts": {"path":"D:\\MagicTransporters\\src\\index.ts","statementMap":{"0":{"start":{"line":1,"column":0},"end":{"line":1,"column":28}},"1":{"start":{"line":2,"column":0},"end":{"line":2,"column":30}},"2":{"start":{"line":3,"column":0},"end":{"line":3,"column":36}},"3":{"start":{"line":4,"column":0},"end":{"line":4,"column":32}},"4":{"start":{"line":5,"column":0},"end":{"line":5,"column":57}},"5":{"start":{"line":6,"column":0},"end":{"line":6,"column":55}},"6":{"start":{"line":8,"column":0},"end":{"line":8,"column":50}},"7":{"start":{"line":9,"column":0},"end":{"line":9,"column":40}},"8":{"start":{"line":10,"column":0},"end":{"line":10,"column":51}},"9":{"start":{"line":11,"column":0},"end":{"line":11,"column":52}},"10":{"start":{"line":12,"column":0},"end":{"line":12,"column":28}},"11":{"start":{"line":13,"column":0},"end":{"line":13,"column":58}},"12":{"start":{"line":14,"column":0},"end":{"line":14,"column":16}},"13":{"start":{"line":16,"column":12},"end":{"line":16,"column":21}},"14":{"start":{"line":17,"column":13},"end":{"line":17,"column":29}},"15":{"start":{"line":19,"column":0},"end":{"line":19,"column":24}},"16":{"start":{"line":21,"column":0},"end":{"line":21,"column":12}},"17":{"start":{"line":22,"column":0},"end":{"line":22,"column":17}},"18":{"start":{"line":23,"column":0},"end":{"line":27,"column":2}},"19":{"start":{"line":28,"column":0},"end":{"line":28,"column":24}},"20":{"start":{"line":29,"column":0},"end":{"line":29,"column":44}},"21":{"start":{"line":30,"column":0},"end":{"line":30,"column":42}},"22":{"start":{"line":32,"column":0},"end":{"line":36,"column":2}},"23":{"start":{"line":37,"column":0},"end":{"line":39,"column":3}},"24":{"start":{"line":38,"column":2},"end":{"line":38,"column":24}},"25":{"start":{"line":40,"column":0},"end":{"line":44,"column":3}},"26":{"start":{"line":41,"column":2},"end":{"line":43,"column":4}},"27":{"start":{"line":45,"column":0},"end":{"line":49,"column":3}},"28":{"start":{"line":45,"column":32},"end":{"line":49,"column":2}},"29":{"start":{"line":46,"column":2},"end":{"line":46,"column":36}},"30":{"start":{"line":47,"column":2},"end":{"line":47,"column":75}},"31":{"start":{"line":48,"column":2},"end":{"line":48,"column":18}}},"fnMap":{"0":{"name":"(anonymous_8)","decl":{"start":{"line":37,"column":8},"end":{"line":37,"column":9}},"loc":{"start":{"line":37,"column":72},"end":{"line":39,"column":1}}},"1":{"name":"(anonymous_9)","decl":{"start":{"line":40,"column":17},"end":{"line":40,"column":20}},"loc":{"start":{"line":40,"column":22},"end":{"line":44,"column":1}}},"2":{"name":"(anonymous_10)","decl":{"start":{"line":45,"column":21},"end":{"line":45,"column":30}},"loc":{"start":{"line":45,"column":32},"end":{"line":49,"column":2}}},"3":{"name":"(anonymous_11)","decl":{"start":{"line":45,"column":32},"end":{"line":45,"column":null}},"loc":{"start":{"line":45,"column":32},"end":{"line":49,"column":1}}}},"branchMap":{},"s":{"0":0,"1":0,"2":0,"3":0,"4":0,"5":0,"6":0,"7":0,"8":0,"9":0,"10":0,"11":0,"12":0,"13":0,"14":0,"15":0,"16":0,"17":0,"18":0,"19":0,"20":0,"21":0,"22":0,"23":0,"24":0,"25":0,"26":0,"27":0,"28":0,"29":0,"30":0,"31":0},"f":{"0":0,"1":0,"2":0,"3":0},"b":{}}
,"D:\\MagicTransporters\\src\\swagger.ts": {"path":"D:\\MagicTransporters\\src\\swagger.ts","statementMap":{"0":{"start":{"line":1,"column":0},"end":{"line":1,"column":41}},"1":{"start":{"line":3,"column":16},"end":{"line":22,"column":2}},"2":{"start":{"line":24,"column":20},"end":{"line":24,"column":41}},"3":{"start":{"line":26,"column":9},"end":{"line":26,"column":20}}},"fnMap":{},"branchMap":{},"s":{"0":0,"1":0,"2":0,"3":0},"f":{},"b":{}}
,"D:\\MagicTransporters\\src\\config\\db.ts": {"path":"D:\\MagicTransporters\\src\\config\\db.ts","statementMap":{"0":{"start":{"line":1,"column":0},"end":{"line":1,"column":28}},"1":{"start":{"line":2,"column":0},"end":{"line":2,"column":32}},"2":{"start":{"line":3,"column":0},"end":{"line":3,"column":26}},"3":{"start":{"line":5,"column":0},"end":{"line":5,"column":16}},"4":{"start":{"line":8,"column":17},"end":{"line":8,"column":41}},"5":{"start":{"line":9,"column":2},"end":{"line":12,"column":6}},"6":{"start":{"line":10,"column":4},"end":{"line":12,"column":6}},"7":{"start":{"line":13,"column":20},"end":{"line":17,"column":4}},"8":{"start":{"line":18,"column":2},"end":{"line":33,"column":5}},"9":{"start":{"line":18,"column":45},"end":{"line":33,"column":4}},"10":{"start":{"line":19,"column":4},"end":{"line":32,"column":5}},"11":{"start":{"line":20,"column":6},"end":{"line":23,"column":9}},"12":{"start":{"line":24,"column":6},"end":{"line":24,"column":53}},"13":{"start":{"line":26,"column":6},"end":{"line":29,"column":7}},"14":{"start":{"line":27,"column":8},"end":{"line":27,"column":78}},"15":{"start":{"line":28,"column":8},"end":{"line":28,"column":15}},"16":{"start":{"line":30,"column":6},"end":{"line":30,"column":70}},"17":{"start":{"line":31,"column":6},"end":{"line":31,"column":22}},"18":{"start":{"line":36,"column":0},"end":{"line":36,"column":25}}},"fnMap":{"0":{"name":"connectDB","decl":{"start":{"line":7,"column":15},"end":{"line":7,"column":24}},"loc":{"start":{"line":7,"column":24},"end":{"line":34,"column":null}}},"1":{"name":"(anonymous_10)","decl":{"start":{"line":18,"column":20},"end":{"line":18,"column":27}},"loc":{"start":{"line":18,"column":45},"end":{"line":33,"column":4}}},"2":{"name":"(anonymous_11)","decl":{"start":{"line":18,"column":45},"end":{"line":18,"column":null}},"loc":{"start":{"line":18,"column":45},"end":{"line":33,"column":3}}}},"branchMap":{"0":{"loc":{"start":{"line":9,"column":2},"end":{"line":12,"column":6}},"type":"if","locations":[{"start":{"line":9,"column":2},"end":{"line":12,"column":6}}]},"1":{"loc":{"start":{"line":26,"column":6},"end":{"line":29,"column":7}},"type":"if","locations":[{"start":{"line":26,"column":6},"end":{"line":29,"column":7}}]},"2":{"loc":{"start":{"line":26,"column":10},"end":{"line":26,"column":54}},"type":"binary-expr","locations":[{"start":{"line":26,"column":10},"end":{"line":26,"column":30}},{"start":{"line":26,"column":34},"end":{"line":26,"column":54}}]}},"s":{"0":0,"1":0,"2":0,"3":0,"4":0,"5":0,"6":0,"7":0,"8":0,"9":0,"10":0,"11":0,"12":0,"13":0,"14":0,"15":0,"16":0,"17":0,"18":0},"f":{"0":0,"1":0,"2":0},"b":{"0":[0],"1":[0],"2":[0,0]}}
,"D:\\MagicTransporters\\src\\controllers\\magicItemController.ts": {"path":"D:\\MagicTransporters\\src\\controllers\\magicItemController.ts","statementMap":{"0":{"start":{"line":3,"column":0},"end":{"line":3,"column":53}},"1":{"start":{"line":4,"column":0},"end":{"line":4,"column":64}},"2":{"start":{"line":5,"column":0},"end":{"line":5,"column":52}},"3":{"start":{"line":6,"column":0},"end":{"line":6,"column":41}},"4":{"start":{"line":7,"column":0},"end":{"line":7,"column":45}},"5":{"start":{"line":9,"column":28},"end":{"line":30,"column":2}},"6":{"start":{"line":12,"column":4},"end":{"line":30,"column":2}},"7":{"start":{"line":13,"column":2},"end":{"line":29,"column":3}},"8":{"start":{"line":14,"column":29},"end":{"line":14,"column":37}},"9":{"start":{"line":15,"column":17},"end":{"line":15,"column":52}},"10":{"start":{"line":16,"column":4},"end":{"line":18,"column":6}},"11":{"start":{"line":19,"column":4},"end":{"line":19,"column":33}},"12":{"start":{"line":21,"column":4},"end":{"line":21,"column":24}},"13":{"start":{"line":22,"column":4},"end":{"line":28,"column":5}},"14":{"start":{"line":23,"column":6},"end":{"line":23,"column":30}},"15":{"start":{"line":24,"column":11},"end":{"line":28,"column":5}},"16":{"start":{"line":25,"column":6},"end":{"line":25,"column":57}},"17":{"start":{"line":27,"column":6},"end":{"line":27,"column":68}},"18":{"start":{"line":9,"column":13},"end":{"line":9,"column":28}}},"fnMap":{"0":{"name":"(anonymous_7)","decl":{"start":{"line":9,"column":28},"end":{"line":9,"column":null}},"loc":{"start":{"line":12,"column":4},"end":{"line":30,"column":2}}},"1":{"name":"(anonymous_8)","decl":{"start":{"line":12,"column":4},"end":{"line":12,"column":null}},"loc":{"start":{"line":12,"column":4},"end":{"line":30,"column":1}}}},"branchMap":{"0":{"loc":{"start":{"line":22,"column":4},"end":{"line":28,"column":5}},"type":"if","locations":[{"start":{"line":22,"column":4},"end":{"line":28,"column":5}},{"start":{"line":24,"column":11},"end":{"line":28,"column":5}}]},"1":{"loc":{"start":{"line":24,"column":11},"end":{"line":28,"column":5}},"type":"if","locations":[{"start":{"line":24,"column":11},"end":{"line":28,"column":5}},{"start":{"line":26,"column":11},"end":{"line":28,"column":5}}]}},"s":{"0":1,"1":1,"2":1,"3":1,"4":1,"5":1,"6":3,"7":3,"8":3,"9":3,"10":1,"11":1,"12":2,"13":2,"14":1,"15":1,"16":1,"17":0,"18":1},"f":{"0":3,"1":3},"b":{"0":[1,1],"1":[1,0]}}
,"D:\\MagicTransporters\\src\\controllers\\magicMoverController.ts": {"path":"D:\\MagicTransporters\\src\\controllers\\magicMoverController.ts","statementMap":{"0":{"start":{"line":2,"column":0},"end":{"line":2,"column":53}},"1":{"start":{"line":4,"column":0},"end":{"line":4,"column":null}},"2":{"start":{"line":10,"column":0},"end":{"line":10,"column":63}},"3":{"start":{"line":11,"column":0},"end":{"line":11,"column":null}},"4":{"start":{"line":17,"column":0},"end":{"line":17,"column":41}},"5":{"start":{"line":18,"column":0},"end":{"line":18,"column":45}},"6":{"start":{"line":19,"column":0},"end":{"line":19,"column":52}},"7":{"start":{"line":21,"column":29},"end":{"line":43,"column":2}},"8":{"start":{"line":24,"column":4},"end":{"line":43,"column":2}},"9":{"start":{"line":25,"column":2},"end":{"line":42,"column":3}},"10":{"start":{"line":26,"column":34},"end":{"line":26,"column":42}},"11":{"start":{"line":27,"column":18},"end":{"line":27,"column":59}},"12":{"start":{"line":28,"column":4},"end":{"line":30,"column":6}},"13":{"start":{"line":31,"column":4},"end":{"line":31,"column":34}},"14":{"start":{"line":33,"column":4},"end":{"line":33,"column":24}},"15":{"start":{"line":35,"column":4},"end":{"line":41,"column":5}},"16":{"start":{"line":36,"column":6},"end":{"line":36,"column":30}},"17":{"start":{"line":37,"column":11},"end":{"line":41,"column":5}},"18":{"start":{"line":38,"column":6},"end":{"line":38,"column":57}},"19":{"start":{"line":40,"column":6},"end":{"line":40,"column":68}},"20":{"start":{"line":21,"column":13},"end":{"line":21,"column":29}},"21":{"start":{"line":44,"column":30},"end":{"line":85,"column":2}},"22":{"start":{"line":47,"column":4},"end":{"line":85,"column":2}},"23":{"start":{"line":48,"column":2},"end":{"line":84,"column":3}},"24":{"start":{"line":49,"column":33},"end":{"line":49,"column":41}},"25":{"start":{"line":50,"column":18},"end":{"line":50,"column":46}},"26":{"start":{"line":51,"column":4},"end":{"line":56,"column":5}},"27":{"start":{"line":52,"column":6},"end":{"line":54,"column":9}},"28":{"start":{"line":55,"column":6},"end":{"line":55,"column":13}},"29":{"start":{"line":57,"column":4},"end":{"line":59,"column":5}},"30":{"start":{"line":58,"column":6},"end":{"line":58,"column":30}},"31":{"start":{"line":60,"column":22},"end":{"line":60,"column":23}},"32":{"start":{"line":61,"column":18},"end":{"line":61,"column":47}},"33":{"start":{"line":62,"column":4},"end":{"line":62,"column":58}},"34":{"start":{"line":62,"column":29},"end":{"line":62,"column":55}},"35":{"start":{"line":63,"column":4},"end":{"line":66,"column":5}},"36":{"start":{"line":64,"column":6},"end":{"line":64,"column":67}},"37":{"start":{"line":65,"column":6},"end":{"line":65,"column":13}},"38":{"start":{"line":67,"column":4},"end":{"line":67,"column":39}},"39":{"start":{"line":68,"column":4},"end":{"line":68,"column":23}},"40":{"start":{"line":69,"column":4},"end":{"line":69,"column":35}},"41":{"start":{"line":70,"column":4},"end":{"line":72,"column":6}},"42":{"start":{"line":74,"column":4},"end":{"line":74,"column":34}},"43":{"start":{"line":76,"column":4},"end":{"line":76,"column":24}},"44":{"start":{"line":77,"column":4},"end":{"line":83,"column":5}},"45":{"start":{"line":78,"column":6},"end":{"line":78,"column":30}},"46":{"start":{"line":79,"column":11},"end":{"line":83,"column":5}},"47":{"start":{"line":80,"column":6},"end":{"line":80,"column":57}},"48":{"start":{"line":82,"column":6},"end":{"line":82,"column":68}},"49":{"start":{"line":44,"column":13},"end":{"line":44,"column":30}},"50":{"start":{"line":86,"column":28},"end":{"line":116,"column":2}},"51":{"start":{"line":89,"column":4},"end":{"line":116,"column":2}},"52":{"start":{"line":90,"column":2},"end":{"line":115,"column":3}},"53":{"start":{"line":91,"column":24},"end":{"line":91,"column":32}},"54":{"start":{"line":92,"column":18},"end":{"line":92,"column":46}},"55":{"start":{"line":93,"column":4},"end":{"line":98,"column":5}},"56":{"start":{"line":94,"column":6},"end":{"line":96,"column":9}},"57":{"start":{"line":97,"column":6},"end":{"line":97,"column":13}},"58":{"start":{"line":99,"column":4},"end":{"line":99,"column":31}},"59":{"start":{"line":100,"column":4},"end":{"line":100,"column":23}},"60":{"start":{"line":101,"column":4},"end":{"line":101,"column":30}},"61":{"start":{"line":102,"column":4},"end":{"line":104,"column":6}},"62":{"start":{"line":105,"column":4},"end":{"line":105,"column":34}},"63":{"start":{"line":107,"column":4},"end":{"line":107,"column":24}},"64":{"start":{"line":108,"column":4},"end":{"line":114,"column":5}},"65":{"start":{"line":109,"column":6},"end":{"line":109,"column":30}},"66":{"start":{"line":110,"column":11},"end":{"line":114,"column":5}},"67":{"start":{"line":111,"column":6},"end":{"line":111,"column":57}},"68":{"start":{"line":113,"column":6},"end":{"line":113,"column":68}},"69":{"start":{"line":86,"column":13},"end":{"line":86,"column":28}},"70":{"start":{"line":117,"column":26},"end":{"line":147,"column":2}},"71":{"start":{"line":120,"column":4},"end":{"line":147,"column":2}},"72":{"start":{"line":121,"column":2},"end":{"line":146,"column":3}},"73":{"start":{"line":122,"column":24},"end":{"line":122,"column":32}},"74":{"start":{"line":123,"column":18},"end":{"line":123,"column":46}},"75":{"start":{"line":124,"column":4},"end":{"line":127,"column":5}},"76":{"start":{"line":125,"column":6},"end":{"line":125,"column":72}},"77":{"start":{"line":126,"column":6},"end":{"line":126,"column":13}},"78":{"start":{"line":128,"column":4},"end":{"line":128,"column":28}},"79":{"start":{"line":129,"column":4},"end":{"line":129,"column":28}},"80":{"start":{"line":130,"column":4},"end":{"line":130,"column":33}},"81":{"start":{"line":131,"column":4},"end":{"line":131,"column":23}},"82":{"start":{"line":132,"column":4},"end":{"line":132,"column":31}},"83":{"start":{"line":133,"column":4},"end":{"line":135,"column":6}},"84":{"start":{"line":136,"column":4},"end":{"line":136,"column":34}},"85":{"start":{"line":138,"column":4},"end":{"line":138,"column":24}},"86":{"start":{"line":139,"column":4},"end":{"line":145,"column":5}},"87":{"start":{"line":140,"column":6},"end":{"line":140,"column":30}},"88":{"start":{"line":141,"column":11},"end":{"line":145,"column":5}},"89":{"start":{"line":142,"column":6},"end":{"line":142,"column":57}},"90":{"start":{"line":144,"column":6},"end":{"line":144,"column":68}},"91":{"start":{"line":117,"column":13},"end":{"line":117,"column":26}},"92":{"start":{"line":148,"column":28},"end":{"line":163,"column":2}},"93":{"start":{"line":148,"column":67},"end":{"line":163,"column":2}},"94":{"start":{"line":149,"column":2},"end":{"line":162,"column":3}},"95":{"start":{"line":150,"column":19},"end":{"line":150,"column":50}},"96":{"start":{"line":151,"column":4},"end":{"line":151,"column":60}},"97":{"start":{"line":152,"column":4},"end":{"line":152,"column":35}},"98":{"start":{"line":154,"column":4},"end":{"line":154,"column":24}},"99":{"start":{"line":155,"column":4},"end":{"line":161,"column":5}},"100":{"start":{"line":156,"column":6},"end":{"line":156,"column":30}},"101":{"start":{"line":157,"column":11},"end":{"line":161,"column":5}},"102":{"start":{"line":158,"column":6},"end":{"line":158,"column":57}},"103":{"start":{"line":160,"column":6},"end":{"line":160,"column":68}},"104":{"start":{"line":148,"column":13},"end":{"line":148,"column":28}}},"fnMap":{"0":{"name":"(anonymous_7)","decl":{"start":{"line":21,"column":29},"end":{"line":21,"column":null}},"loc":{"start":{"line":24,"column":4},"end":{"line":43,"column":2}}},"1":{"name":"(anonymous_8)","decl":{"start":{"line":24,"column":4},"end":{"line":24,"column":null}},"loc":{"start":{"line":24,"column":4},"end":{"line":43,"column":1}}},"2":{"name":"(anonymous_9)","decl":{"start":{"line":44,"column":30},"end":{"line":44,"column":null}},"loc":{"start":{"line":47,"column":4},"end":{"line":85,"column":2}}},"3":{"name":"(anonymous_10)","decl":{"start":{"line":47,"column":4},"end":{"line":47,"column":null}},"loc":{"start":{"line":47,"column":4},"end":{"line":85,"column":1}}},"4":{"name":"(anonymous_11)","decl":{"start":{"line":62,"column":18},"end":{"line":62,"column":19}},"loc":{"start":{"line":62,"column":29},"end":{"line":62,"column":55}}},"5":{"name":"(anonymous_12)","decl":{"start":{"line":86,"column":28},"end":{"line":86,"column":null}},"loc":{"start":{"line":89,"column":4},"end":{"line":116,"column":2}}},"6":{"name":"(anonymous_13)","decl":{"start":{"line":89,"column":4},"end":{"line":89,"column":null}},"loc":{"start":{"line":89,"column":4},"end":{"line":116,"column":1}}},"7":{"name":"(anonymous_14)","decl":{"start":{"line":117,"column":26},"end":{"line":117,"column":null}},"loc":{"start":{"line":120,"column":4},"end":{"line":147,"column":2}}},"8":{"name":"(anonymous_15)","decl":{"start":{"line":120,"column":4},"end":{"line":120,"column":null}},"loc":{"start":{"line":120,"column":4},"end":{"line":147,"column":1}}},"9":{"name":"(anonymous_16)","decl":{"start":{"line":148,"column":28},"end":{"line":148,"column":35}},"loc":{"start":{"line":148,"column":67},"end":{"line":163,"column":2}}},"10":{"name":"(anonymous_17)","decl":{"start":{"line":148,"column":67},"end":{"line":148,"column":null}},"loc":{"start":{"line":148,"column":67},"end":{"line":163,"column":1}}}},"branchMap":{"0":{"loc":{"start":{"line":35,"column":4},"end":{"line":41,"column":5}},"type":"if","locations":[{"start":{"line":35,"column":4},"end":{"line":41,"column":5}},{"start":{"line":37,"column":11},"end":{"line":41,"column":5}}]},"1":{"loc":{"start":{"line":37,"column":11},"end":{"line":41,"column":5}},"type":"if","locations":[{"start":{"line":37,"column":11},"end":{"line":41,"column":5}},{"start":{"line":39,"column":11},"end":{"line":41,"column":5}}]},"2":{"loc":{"start":{"line":51,"column":4},"end":{"line":56,"column":5}},"type":"if","locations":[{"start":{"line":51,"column":4},"end":{"line":56,"column":5}}]},"3":{"loc":{"start":{"line":51,"column":8},"end":{"line":51,"column":46}},"type":"binary-expr","locations":[{"start":{"line":51,"column":8},"end":{"line":51,"column":14}},{"start":{"line":51,"column":18},"end":{"line":51,"column":46}}]},"4":{"loc":{"start":{"line":57,"column":4},"end":{"line":59,"column":5}},"type":"if","locations":[{"start":{"line":57,"column":4},"end":{"line":59,"column":5}}]},"5":{"loc":{"start":{"line":63,"column":4},"end":{"line":66,"column":5}},"type":"if","locations":[{"start":{"line":63,"column":4},"end":{"line":66,"column":5}}]},"6":{"loc":{"start":{"line":77,"column":4},"end":{"line":83,"column":5}},"type":"if","locations":[{"start":{"line":77,"column":4},"end":{"line":83,"column":5}},{"start":{"line":79,"column":11},"end":{"line":83,"column":5}}]},"7":{"loc":{"start":{"line":79,"column":11},"end":{"line":83,"column":5}},"type":"if","locations":[{"start":{"line":79,"column":11},"end":{"line":83,"column":5}},{"start":{"line":81,"column":11},"end":{"line":83,"column":5}}]},"8":{"loc":{"start":{"line":93,"column":4},"end":{"line":98,"column":5}},"type":"if","locations":[{"start":{"line":93,"column":4},"end":{"line":98,"column":5}}]},"9":{"loc":{"start":{"line":93,"column":8},"end":{"line":93,"column":72}},"type":"binary-expr","locations":[{"start":{"line":93,"column":8},"end":{"line":93,"column":14}},{"start":{"line":93,"column":18},"end":{"line":93,"column":43}},{"start":{"line":93,"column":47},"end":{"line":93,"column":72}}]},"10":{"loc":{"start":{"line":108,"column":4},"end":{"line":114,"column":5}},"type":"if","locations":[{"start":{"line":108,"column":4},"end":{"line":114,"column":5}},{"start":{"line":110,"column":11},"end":{"line":114,"column":5}}]},"11":{"loc":{"start":{"line":110,"column":11},"end":{"line":114,"column":5}},"type":"if","locations":[{"start":{"line":110,"column":11},"end":{"line":114,"column":5}},{"start":{"line":112,"column":11},"end":{"line":114,"column":5}}]},"12":{"loc":{"start":{"line":124,"column":4},"end":{"line":127,"column":5}},"type":"if","locations":[{"start":{"line":124,"column":4},"end":{"line":127,"column":5}}]},"13":{"loc":{"start":{"line":124,"column":8},"end":{"line":124,"column":46}},"type":"binary-expr","locations":[{"start":{"line":124,"column":8},"end":{"line":124,"column":14}},{"start":{"line":124,"column":18},"end":{"line":124,"column":46}}]},"14":{"loc":{"start":{"line":139,"column":4},"end":{"line":145,"column":5}},"type":"if","locations":[{"start":{"line":139,"column":4},"end":{"line":145,"column":5}},{"start":{"line":141,"column":11},"end":{"line":145,"column":5}}]},"15":{"loc":{"start":{"line":141,"column":11},"end":{"line":145,"column":5}},"type":"if","locations":[{"start":{"line":141,"column":11},"end":{"line":145,"column":5}},{"start":{"line":143,"column":11},"end":{"line":145,"column":5}}]},"16":{"loc":{"start":{"line":155,"column":4},"end":{"line":161,"column":5}},"type":"if","locations":[{"start":{"line":155,"column":4},"end":{"line":161,"column":5}},{"start":{"line":157,"column":11},"end":{"line":161,"column":5}}]},"17":{"loc":{"start":{"line":157,"column":11},"end":{"line":161,"column":5}},"type":"if","locations":[{"start":{"line":157,"column":11},"end":{"line":161,"column":5}},{"start":{"line":159,"column":11},"end":{"line":161,"column":5}}]}},"s":{"0":1,"1":1,"2":1,"3":1,"4":1,"5":1,"6":1,"7":1,"8":3,"9":3,"10":3,"11":3,"12":1,"13":1,"14":2,"15":2,"16":1,"17":1,"18":1,"19":0,"20":1,"21":1,"22":3,"23":3,"24":3,"25":3,"26":3,"27":1,"28":1,"29":2,"30":2,"31":2,"32":2,"33":2,"34":4,"35":2,"36":1,"37":1,"38":1,"39":1,"40":1,"41":1,"42":1,"43":0,"44":0,"45":0,"46":0,"47":0,"48":0,"49":1,"50":1,"51":2,"52":2,"53":2,"54":2,"55":2,"56":1,"57":1,"58":1,"59":1,"60":1,"61":1,"62":1,"63":0,"64":0,"65":0,"66":0,"67":0,"68":0,"69":1,"70":1,"71":2,"72":2,"73":2,"74":2,"75":2,"76":1,"77":1,"78":1,"79":1,"80":1,"81":1,"82":1,"83":1,"84":1,"85":0,"86":0,"87":0,"88":0,"89":0,"90":0,"91":1,"92":1,"93":2,"94":2,"95":2,"96":1,"97":1,"98":1,"99":1,"100":0,"101":1,"102":1,"103":0,"104":1},"f":{"0":3,"1":3,"2":3,"3":3,"4":4,"5":2,"6":2,"7":2,"8":2,"9":2,"10":2},"b":{"0":[1,1],"1":[1,0],"2":[1],"3":[3,3],"4":[2],"5":[1],"6":[0,0],"7":[0,0],"8":[1],"9":[2,2,1],"10":[0,0],"11":[0,0],"12":[1],"13":[2,2],"14":[0,0],"15":[0,0],"16":[0,1],"17":[1,0]}}
,"D:\\MagicTransporters\\src\\middlewares\\corsConfig.ts": {"path":"D:\\MagicTransporters\\src\\middlewares\\corsConfig.ts","statementMap":{"0":{"start":{"line":1,"column":0},"end":{"line":1,"column":24}},"1":{"start":{"line":3,"column":20},"end":{"line":7,"column":2}},"2":{"start":{"line":9,"column":13},"end":{"line":9,"column":48}}},"fnMap":{},"branchMap":{},"s":{"0":0,"1":0,"2":0},"f":{},"b":{}}
,"D:\\MagicTransporters\\src\\middlewares\\rateLimiter.ts": {"path":"D:\\MagicTransporters\\src\\middlewares\\rateLimiter.ts","statementMap":{"0":{"start":{"line":1,"column":0},"end":{"line":1,"column":43}},"1":{"start":{"line":3,"column":13},"end":{"line":7,"column":3}}},"fnMap":{},"branchMap":{},"s":{"0":0,"1":0},"f":{},"b":{}}
,"D:\\MagicTransporters\\src\\middlewares\\validateRequest.ts": {"path":"D:\\MagicTransporters\\src\\middlewares\\validateRequest.ts","statementMap":{"0":{"start":{"line":4,"column":31},"end":{"line":13,"column":1}},"1":{"start":{"line":5,"column":2},"end":{"line":12,"column":4}},"2":{"start":{"line":6,"column":22},"end":{"line":6,"column":47}},"3":{"start":{"line":7,"column":4},"end":{"line":10,"column":5}},"4":{"start":{"line":8,"column":6},"end":{"line":8,"column":66}},"5":{"start":{"line":9,"column":6},"end":{"line":9,"column":13}},"6":{"start":{"line":11,"column":4},"end":{"line":11,"column":11}},"7":{"start":{"line":4,"column":13},"end":{"line":4,"column":31}}},"fnMap":{"0":{"name":"(anonymous_0)","decl":{"start":{"line":4,"column":31},"end":{"line":4,"column":32}},"loc":{"start":{"line":4,"column":60},"end":{"line":13,"column":1}}},"1":{"name":"(anonymous_1)","decl":{"start":{"line":5,"column":9},"end":{"line":5,"column":10}},"loc":{"start":{"line":5,"column":61},"end":{"line":12,"column":3}}}},"branchMap":{"0":{"loc":{"start":{"line":7,"column":4},"end":{"line":10,"column":5}},"type":"if","locations":[{"start":{"line":7,"column":4},"end":{"line":10,"column":5}}]}},"s":{"0":0,"1":0,"2":0,"3":0,"4":0,"5":0,"6":0,"7":0},"f":{"0":0,"1":0},"b":{"0":[0]}}
,"D:\\MagicTransporters\\src\\models\\MagicItem.ts": {"path":"D:\\MagicTransporters\\src\\models\\MagicItem.ts","statementMap":{"0":{"start":{"line":1,"column":0},"end":{"line":1,"column":44}},"1":{"start":{"line":4,"column":32},"end":{"line":7,"column":2}},"2":{"start":{"line":9,"column":18},"end":{"line":9,"column":74}},"3":{"start":{"line":10,"column":0},"end":{"line":10,"column":25}}},"fnMap":{},"branchMap":{},"s":{"0":2,"1":2,"2":2,"3":2},"f":{},"b":{}}
,"D:\\MagicTransporters\\src\\models\\MagicMover.ts": {"path":"D:\\MagicTransporters\\src\\models\\MagicMover.ts","statementMap":{"0":{"start":{"line":1,"column":0},"end":{"line":1,"column":44}},"1":{"start":{"line":4,"column":33},"end":{"line":14,"column":2}},"2":{"start":{"line":16,"column":19},"end":{"line":16,"column":78}},"3":{"start":{"line":17,"column":0},"end":{"line":17,"column":26}}},"fnMap":{},"branchMap":{},"s":{"0":1,"1":1,"2":1,"3":1},"f":{},"b":{}}
,"D:\\MagicTransporters\\src\\models\\MissionLog.ts": {"path":"D:\\MagicTransporters\\src\\models\\MissionLog.ts","statementMap":{"0":{"start":{"line":1,"column":0},"end":{"line":1,"column":54}},"1":{"start":{"line":4,"column":25},"end":{"line":12,"column":2}},"2":{"start":{"line":14,"column":19},"end":{"line":14,"column":78}},"3":{"start":{"line":15,"column":0},"end":{"line":15,"column":26}}},"fnMap":{},"branchMap":{},"s":{"0":1,"1":1,"2":1,"3":1},"f":{},"b":{}}
,"D:\\MagicTransporters\\src\\routes\\MagicItemRoutes.ts": {"path":"D:\\MagicTransporters\\src\\routes\\MagicItemRoutes.ts","statementMap":{"0":{"start":{"line":1,"column":0},"end":{"line":1,"column":30}},"1":{"start":{"line":2,"column":0},"end":{"line":2,"column":66}},"2":{"start":{"line":3,"column":0},"end":{"line":3,"column":69}},"3":{"start":{"line":4,"column":0},"end":{"line":4,"column":65}},"4":{"start":{"line":6,"column":15},"end":{"line":6,"column":31}},"5":{"start":{"line":32,"column":0},"end":{"line":32,"column":71}},"6":{"start":{"line":34,"column":0},"end":{"line":34,"column":22}}},"fnMap":{},"branchMap":{},"s":{"0":0,"1":0,"2":0,"3":0,"4":0,"5":0,"6":0},"f":{},"b":{}}
,"D:\\MagicTransporters\\src\\routes\\MagicMoverRoutes.ts": {"path":"D:\\MagicTransporters\\src\\routes\\MagicMoverRoutes.ts","statementMap":{"0":{"start":{"line":1,"column":0},"end":{"line":1,"column":30}},"1":{"start":{"line":2,"column":0},"end":{"line":2,"column":null}},"2":{"start":{"line":9,"column":0},"end":{"line":9,"column":null}},"3":{"start":{"line":14,"column":0},"end":{"line":14,"column":65}},"4":{"start":{"line":16,"column":15},"end":{"line":16,"column":31}},"5":{"start":{"line":43,"column":0},"end":{"line":43,"column":73}},"6":{"start":{"line":79,"column":0},"end":{"line":83,"column":2}},"7":{"start":{"line":115,"column":0},"end":{"line":115,"column":80}},"8":{"start":{"line":148,"column":0},"end":{"line":148,"column":44}},"9":{"start":{"line":173,"column":0},"end":{"line":173,"column":40}},"10":{"start":{"line":175,"column":0},"end":{"line":175,"column":22}}},"fnMap":{},"branchMap":{},"s":{"0":0,"1":0,"2":0,"3":0,"4":0,"5":0,"6":0,"7":0,"8":0,"9":0,"10":0},"f":{},"b":{}}
,"D:\\MagicTransporters\\src\\services\\MagicItemServices.ts": {"path":"D:\\MagicTransporters\\src\\services\\MagicItemServices.ts","statementMap":{"0":{"start":{"line":1,"column":0},"end":{"line":1,"column":44}},"1":{"start":{"line":2,"column":0},"end":{"line":2,"column":45}},"2":{"start":{"line":3,"column":0},"end":{"line":3,"column":41}},"3":{"start":{"line":5,"column":31},"end":{"line":13,"column":2}},"4":{"start":{"line":5,"column":70},"end":{"line":13,"column":2}},"5":{"start":{"line":6,"column":2},"end":{"line":12,"column":3}},"6":{"start":{"line":7,"column":22},"end":{"line":7,"column":62}},"7":{"start":{"line":8,"column":4},"end":{"line":8,"column":21}},"8":{"start":{"line":10,"column":4},"end":{"line":10,"column":57}},"9":{"start":{"line":11,"column":4},"end":{"line":11,"column":61}},"10":{"start":{"line":5,"column":13},"end":{"line":5,"column":31}},"11":{"start":{"line":15,"column":30},"end":{"line":27,"column":2}},"12":{"start":{"line":15,"column":58},"end":{"line":27,"column":2}},"13":{"start":{"line":16,"column":2},"end":{"line":26,"column":3}},"14":{"start":{"line":17,"column":18},"end":{"line":17,"column":65}},"15":{"start":{"line":18,"column":4},"end":{"line":21,"column":5}},"16":{"start":{"line":19,"column":6},"end":{"line":19,"column":55}},"17":{"start":{"line":20,"column":6},"end":{"line":20,"column":66}},"18":{"start":{"line":22,"column":4},"end":{"line":22,"column":17}},"19":{"start":{"line":24,"column":4},"end":{"line":24,"column":60}},"20":{"start":{"line":25,"column":4},"end":{"line":25,"column":64}},"21":{"start":{"line":15,"column":13},"end":{"line":15,"column":30}}},"fnMap":{"0":{"name":"(anonymous_8)","decl":{"start":{"line":5,"column":31},"end":{"line":5,"column":38}},"loc":{"start":{"line":5,"column":70},"end":{"line":13,"column":2}}},"1":{"name":"(anonymous_9)","decl":{"start":{"line":5,"column":70},"end":{"line":5,"column":null}},"loc":{"start":{"line":5,"column":70},"end":{"line":13,"column":1}}},"2":{"name":"(anonymous_10)","decl":{"start":{"line":15,"column":30},"end":{"line":15,"column":37}},"loc":{"start":{"line":15,"column":58},"end":{"line":27,"column":2}}},"3":{"name":"(anonymous_11)","decl":{"start":{"line":15,"column":58},"end":{"line":15,"column":null}},"loc":{"start":{"line":15,"column":58},"end":{"line":27,"column":1}}}},"branchMap":{"0":{"loc":{"start":{"line":18,"column":4},"end":{"line":21,"column":5}},"type":"if","locations":[{"start":{"line":18,"column":4},"end":{"line":21,"column":5}}]}},"s":{"0":2,"1":2,"2":2,"3":2,"4":0,"5":0,"6":0,"7":0,"8":0,"9":0,"10":2,"11":2,"12":0,"13":0,"14":0,"15":0,"16":0,"17":0,"18":0,"19":0,"20":0,"21":2},"f":{"0":0,"1":0,"2":0,"3":0},"b":{"0":[0]}}
,"D:\\MagicTransporters\\src\\services\\MagicMoverServices.ts": {"path":"D:\\MagicTransporters\\src\\services\\MagicMoverServices.ts","statementMap":{"0":{"start":{"line":1,"column":0},"end":{"line":1,"column":46}},"1":{"start":{"line":2,"column":0},"end":{"line":2,"column":45}},"2":{"start":{"line":3,"column":0},"end":{"line":3,"column":41}},"3":{"start":{"line":5,"column":29},"end":{"line":17,"column":2}},"4":{"start":{"line":5,"column":55},"end":{"line":17,"column":2}},"5":{"start":{"line":6,"column":2},"end":{"line":16,"column":3}},"6":{"start":{"line":7,"column":25},"end":{"line":7,"column":59}},"7":{"start":{"line":8,"column":4},"end":{"line":11,"column":5}},"8":{"start":{"line":9,"column":6},"end":{"line":9,"column":38}},"9":{"start":{"line":10,"column":6},"end":{"line":10,"column":49}},"10":{"start":{"line":12,"column":4},"end":{"line":12,"column":24}},"11":{"start":{"line":14,"column":4},"end":{"line":14,"column":56}},"12":{"start":{"line":15,"column":4},"end":{"line":15,"column":60}},"13":{"start":{"line":5,"column":13},"end":{"line":5,"column":29}},"14":{"start":{"line":18,"column":32},"end":{"line":26,"column":2}},"15":{"start":{"line":18,"column":76},"end":{"line":26,"column":2}},"16":{"start":{"line":19,"column":2},"end":{"line":25,"column":3}},"17":{"start":{"line":20,"column":23},"end":{"line":20,"column":69}},"18":{"start":{"line":21,"column":4},"end":{"line":21,"column":22}},"19":{"start":{"line":23,"column":4},"end":{"line":23,"column":57}},"20":{"start":{"line":24,"column":4},"end":{"line":24,"column":62}},"21":{"start":{"line":18,"column":13},"end":{"line":18,"column":32}},"22":{"start":{"line":27,"column":39},"end":{"line":44,"column":2}},"23":{"start":{"line":27,"column":50},"end":{"line":44,"column":2}},"24":{"start":{"line":28,"column":2},"end":{"line":43,"column":3}},"25":{"start":{"line":29,"column":26},"end":{"line":31,"column":6}},"26":{"start":{"line":32,"column":4},"end":{"line":35,"column":5}},"27":{"start":{"line":33,"column":6},"end":{"line":33,"column":39}},"28":{"start":{"line":34,"column":6},"end":{"line":34,"column":50}},"29":{"start":{"line":36,"column":4},"end":{"line":36,"column":25}},"30":{"start":{"line":38,"column":4},"end":{"line":38,"column":74}},"31":{"start":{"line":39,"column":4},"end":{"line":42,"column":6}},"32":{"start":{"line":27,"column":13},"end":{"line":27,"column":39}}},"fnMap":{"0":{"name":"(anonymous_8)","decl":{"start":{"line":5,"column":29},"end":{"line":5,"column":36}},"loc":{"start":{"line":5,"column":55},"end":{"line":17,"column":2}}},"1":{"name":"(anonymous_9)","decl":{"start":{"line":5,"column":55},"end":{"line":5,"column":null}},"loc":{"start":{"line":5,"column":55},"end":{"line":17,"column":1}}},"2":{"name":"(anonymous_10)","decl":{"start":{"line":18,"column":32},"end":{"line":18,"column":39}},"loc":{"start":{"line":18,"column":76},"end":{"line":26,"column":2}}},"3":{"name":"(anonymous_11)","decl":{"start":{"line":18,"column":76},"end":{"line":18,"column":null}},"loc":{"start":{"line":18,"column":76},"end":{"line":26,"column":1}}},"4":{"name":"(anonymous_12)","decl":{"start":{"line":27,"column":39},"end":{"line":27,"column":48}},"loc":{"start":{"line":27,"column":50},"end":{"line":44,"column":2}}},"5":{"name":"(anonymous_13)","decl":{"start":{"line":27,"column":50},"end":{"line":27,"column":null}},"loc":{"start":{"line":27,"column":50},"end":{"line":44,"column":1}}}},"branchMap":{"0":{"loc":{"start":{"line":8,"column":4},"end":{"line":11,"column":5}},"type":"if","locations":[{"start":{"line":8,"column":4},"end":{"line":11,"column":5}}]},"1":{"loc":{"start":{"line":32,"column":4},"end":{"line":35,"column":5}},"type":"if","locations":[{"start":{"line":32,"column":4},"end":{"line":35,"column":5}}]}},"s":{"0":1,"1":1,"2":1,"3":1,"4":0,"5":0,"6":0,"7":0,"8":0,"9":0,"10":0,"11":0,"12":0,"13":1,"14":1,"15":0,"16":0,"17":0,"18":0,"19":0,"20":0,"21":1,"22":1,"23":0,"24":0,"25":0,"26":0,"27":0,"28":0,"29":0,"30":0,"31":0,"32":1},"f":{"0":0,"1":0,"2":0,"3":0,"4":0,"5":0},"b":{"0":[0],"1":[0]}}
,"D:\\MagicTransporters\\src\\services\\MissionLogServices.ts": {"path":"D:\\MagicTransporters\\src\\services\\MissionLogServices.ts","statementMap":{"0":{"start":{"line":2,"column":0},"end":{"line":2,"column":46}},"1":{"start":{"line":3,"column":0},"end":{"line":3,"column":41}},"2":{"start":{"line":5,"column":39},"end":{"line":16,"column":2}},"3":{"start":{"line":5,"column":68},"end":{"line":16,"column":2}},"4":{"start":{"line":6,"column":2},"end":{"line":15,"column":3}},"5":{"start":{"line":7,"column":4},"end":{"line":11,"column":7}},"6":{"start":{"line":13,"column":4},"end":{"line":13,"column":59}},"7":{"start":{"line":14,"column":4},"end":{"line":14,"column":70}},"8":{"start":{"line":5,"column":13},"end":{"line":5,"column":39}},"9":{"start":{"line":17,"column":34},"end":{"line":28,"column":2}},"10":{"start":{"line":17,"column":63},"end":{"line":28,"column":2}},"11":{"start":{"line":18,"column":2},"end":{"line":27,"column":3}},"12":{"start":{"line":19,"column":4},"end":{"line":23,"column":7}},"13":{"start":{"line":25,"column":4},"end":{"line":25,"column":57}},"14":{"start":{"line":26,"column":4},"end":{"line":26,"column":68}},"15":{"start":{"line":17,"column":13},"end":{"line":17,"column":34}},"16":{"start":{"line":29,"column":35},"end":{"line":40,"column":2}},"17":{"start":{"line":29,"column":64},"end":{"line":40,"column":2}},"18":{"start":{"line":30,"column":2},"end":{"line":39,"column":3}},"19":{"start":{"line":31,"column":4},"end":{"line":35,"column":7}},"20":{"start":{"line":37,"column":4},"end":{"line":37,"column":55}},"21":{"start":{"line":38,"column":4},"end":{"line":38,"column":66}},"22":{"start":{"line":29,"column":13},"end":{"line":29,"column":35}}},"fnMap":{"0":{"name":"(anonymous_8)","decl":{"start":{"line":5,"column":39},"end":{"line":5,"column":46}},"loc":{"start":{"line":5,"column":68},"end":{"line":16,"column":2}}},"1":{"name":"(anonymous_9)","decl":{"start":{"line":5,"column":68},"end":{"line":5,"column":null}},"loc":{"start":{"line":5,"column":68},"end":{"line":16,"column":1}}},"2":{"name":"(anonymous_10)","decl":{"start":{"line":17,"column":34},"end":{"line":17,"column":41}},"loc":{"start":{"line":17,"column":63},"end":{"line":28,"column":2}}},"3":{"name":"(anonymous_11)","decl":{"start":{"line":17,"column":63},"end":{"line":17,"column":null}},"loc":{"start":{"line":17,"column":63},"end":{"line":28,"column":1}}},"4":{"name":"(anonymous_12)","decl":{"start":{"line":29,"column":35},"end":{"line":29,"column":42}},"loc":{"start":{"line":29,"column":64},"end":{"line":40,"column":2}}},"5":{"name":"(anonymous_13)","decl":{"start":{"line":29,"column":64},"end":{"line":29,"column":null}},"loc":{"start":{"line":29,"column":64},"end":{"line":40,"column":1}}}},"branchMap":{},"s":{"0":1,"1":1,"2":1,"3":0,"4":0,"5":0,"6":0,"7":0,"8":1,"9":1,"10":0,"11":0,"12":0,"13":0,"14":0,"15":1,"16":1,"17":0,"18":0,"19":0,"20":0,"21":0,"22":1},"f":{"0":0,"1":0,"2":0,"3":0,"4":0,"5":0},"b":{}}
,"D:\\MagicTransporters\\src\\utils\\AppError.ts": {"path":"D:\\MagicTransporters\\src\\utils\\AppError.ts","statementMap":{"0":{"start":{"line":10,"column":4},"end":{"line":10,"column":19}},"1":{"start":{"line":11,"column":4},"end":{"line":11,"column":33}},"2":{"start":{"line":12,"column":4},"end":{"line":12,"column":39}},"3":{"start":{"line":13,"column":4},"end":{"line":13,"column":52}},"4":{"start":{"line":1,"column":0},"end":{"line":1,"column":13}}},"fnMap":{"0":{"name":"(anonymous_0)","decl":{"start":{"line":5,"column":2},"end":{"line":5,"column":null}},"loc":{"start":{"line":8,"column":33},"end":{"line":14,"column":3}}}},"branchMap":{"0":{"loc":{"start":{"line":8,"column":4},"end":{"line":8,"column":33}},"type":"default-arg","locations":[{"start":{"line":8,"column":29},"end":{"line":8,"column":33}}]}},"s":{"0":8,"1":8,"2":8,"3":8,"4":7},"f":{"0":8},"b":{"0":[8]}}
,"D:\\MagicTransporters\\src\\utils\\errorHandler.ts": {"path":"D:\\MagicTransporters\\src\\utils\\errorHandler.ts","statementMap":{"0":{"start":{"line":2,"column":0},"end":{"line":2,"column":41}},"1":{"start":{"line":3,"column":0},"end":{"line":3,"column":38}},"2":{"start":{"line":5,"column":27},"end":{"line":19,"column":1}},"3":{"start":{"line":6,"column":2},"end":{"line":18,"column":3}},"4":{"start":{"line":7,"column":4},"end":{"line":10,"column":7}},"5":{"start":{"line":12,"column":4},"end":{"line":12,"column":47}},"6":{"start":{"line":14,"column":4},"end":{"line":17,"column":7}},"7":{"start":{"line":5,"column":13},"end":{"line":5,"column":27}}},"fnMap":{"0":{"name":"(anonymous_0)","decl":{"start":{"line":5,"column":27},"end":{"line":5,"column":28}},"loc":{"start":{"line":5,"column":65},"end":{"line":19,"column":1}}}},"branchMap":{"0":{"loc":{"start":{"line":6,"column":2},"end":{"line":18,"column":3}},"type":"if","locations":[{"start":{"line":6,"column":2},"end":{"line":18,"column":3}},{"start":{"line":11,"column":9},"end":{"line":18,"column":3}}]}},"s":{"0":2,"1":2,"2":2,"3":0,"4":0,"5":0,"6":0,"7":2},"f":{"0":0},"b":{"0":[0,0]}}
,"D:\\MagicTransporters\\src\\utils\\logger.ts": {"path":"D:\\MagicTransporters\\src\\utils\\logger.ts","statementMap":{"0":{"start":{"line":1,"column":0},"end":{"line":1,"column":59}},"1":{"start":{"line":3,"column":47},"end":{"line":3,"column":53}},"2":{"start":{"line":5,"column":18},"end":{"line":7,"column":2}},"3":{"start":{"line":6,"column":2},"end":{"line":6,"column":56}},"4":{"start":{"line":9,"column":13},"end":{"line":21,"column":3}}},"fnMap":{"0":{"name":"(anonymous_0)","decl":{"start":{"line":5,"column":25},"end":{"line":5,"column":26}},"loc":{"start":{"line":5,"column":66},"end":{"line":7,"column":1}}}},"branchMap":{"0":{"loc":{"start":{"line":6,"column":37},"end":{"line":6,"column":53}},"type":"binary-expr","locations":[{"start":{"line":6,"column":37},"end":{"line":6,"column":42}},{"start":{"line":6,"column":46},"end":{"line":6,"column":53}}]}},"s":{"0":0,"1":0,"2":0,"3":0,"4":0},"f":{"0":0},"b":{"0":[0,0]}}
,"D:\\MagicTransporters\\src\\utils\\sendResponse.ts": {"path":"D:\\MagicTransporters\\src\\utils\\sendResponse.ts","statementMap":{"0":{"start":{"line":3,"column":28},"end":{"line":5,"column":1}},"1":{"start":{"line":4,"column":2},"end":{"line":4,"column":36}},"2":{"start":{"line":3,"column":13},"end":{"line":3,"column":28}}},"fnMap":{"0":{"name":"(anonymous_0)","decl":{"start":{"line":3,"column":28},"end":{"line":3,"column":29}},"loc":{"start":{"line":3,"column":77},"end":{"line":5,"column":1}}}},"branchMap":{},"s":{"0":2,"1":0,"2":2},"f":{"0":0},"b":{}}
,"D:\\MagicTransporters\\src\\validations\\MagicValidations.ts": {"path":"D:\\MagicTransporters\\src\\validations\\MagicValidations.ts","statementMap":{"0":{"start":{"line":1,"column":0},"end":{"line":1,"column":22}},"1":{"start":{"line":3,"column":13},"end":{"line":6,"column":3}},"2":{"start":{"line":8,"column":13},"end":{"line":11,"column":3}},"3":{"start":{"line":13,"column":13},"end":{"line":16,"column":3}},"4":{"start":{"line":18,"column":13},"end":{"line":20,"column":3}}},"fnMap":{},"branchMap":{},"s":{"0":0,"1":0,"2":0,"3":0,"4":0},"f":{},"b":{}}
}
